0 info it worked if it ends with ok
1 verbose cli [ 'C:\\Program Files\\nodejs\\node.exe',
1 verbose cli   'C:\\Program Files\\nodejs\\node_modules\\npm\\bin\\npm-cli.js',
1 verbose cli   'run-script',
1 verbose cli   'test' ]
2 info using npm@3.10.3
3 info using node@v6.3.1
4 verbose run-script [ 'pretest', 'test', 'posttest' ]
5 info lifecycle voting-server@1.0.0~pretest: voting-server@1.0.0
6 silly lifecycle voting-server@1.0.0~pretest: no script for pretest, continuing
7 info lifecycle voting-server@1.0.0~test: voting-server@1.0.0
8 verbose lifecycle voting-server@1.0.0~test: unsafe-perm in lifecycle true
9 verbose lifecycle voting-server@1.0.0~test: PATH: C:\Program Files\nodejs\node_modules\npm\bin\node-gyp-bin;C:\Users\Colm\Documents\GitHub\voting\voting-server\node_modules\.bin;C:\Program Files\nodejs;C:\Program Files (x86)\NVIDIA Corporation\PhysX\Common;C:\ProgramData\Oracle\Java\javapath;C:\windows\system32;C:\windows;C:\windows\System32\Wbem;C:\windows\System32\WindowsPowerShell\v1.0\;;C:\Program Files\Redis\;C:\Program Files (x86)\Windows Kits\8.1\Windows Performance Toolkit\;C:\Program Files (x86)\Heroku\bin;C:\Program Files (x86)\git\cmd;C:\ProgramData\ComposerSetup\bin;C:\Program Files (x86)\Skype\Phone\;C:\Go\bin;C:\Program Files\nodejs\;C:\Ruby23\bin;C:\laragon\bin\php\php-7.0.0;C:\Program Files\Git\bin;C:\Python27;C:\Program Files\MySQL\MySQL Server 5.7\bin;C:\Program Files\MongoDB\Server\3.2\bin;C:\Users\Colm\AppData\Local\atom\bin;C:\Maven\apache-maven-3.3.9\bin;C:\Users\Colm\Documents\GitHub\gogo\bin;C:\Program Files\Docker Toolbox;C:\Users\Colm\AppData\Roaming\npm
10 verbose lifecycle voting-server@1.0.0~test: CWD: C:\Users\Colm\Documents\GitHub\voting\voting-server
11 silly lifecycle voting-server@1.0.0~test: Args: [ '/d /s /c',
11 silly lifecycle   'mocha --compilers js:babel-core/register --require ./test/test_helper.js --recursive' ]
12 silly lifecycle voting-server@1.0.0~test: Returned: code: 1  signal: null
13 info lifecycle voting-server@1.0.0~test: Failed to exec test script
14 verbose stack Error: voting-server@1.0.0 test: `mocha --compilers js:babel-core/register --require ./test/test_helper.js --recursive`
14 verbose stack Exit status 1
14 verbose stack     at EventEmitter.<anonymous> (C:\Program Files\nodejs\node_modules\npm\lib\utils\lifecycle.js:242:16)
14 verbose stack     at emitTwo (events.js:106:13)
14 verbose stack     at EventEmitter.emit (events.js:191:7)
14 verbose stack     at ChildProcess.<anonymous> (C:\Program Files\nodejs\node_modules\npm\lib\utils\spawn.js:40:14)
14 verbose stack     at emitTwo (events.js:106:13)
14 verbose stack     at ChildProcess.emit (events.js:191:7)
14 verbose stack     at maybeClose (internal/child_process.js:852:16)
14 verbose stack     at Process.ChildProcess._handle.onexit (internal/child_process.js:215:5)
15 verbose pkgid voting-server@1.0.0
16 verbose cwd C:\Users\Colm\Documents\GitHub\voting\voting-server
17 error Windows_NT 10.0.10586
18 error argv "C:\\Program Files\\nodejs\\node.exe" "C:\\Program Files\\nodejs\\node_modules\\npm\\bin\\npm-cli.js" "run-script" "test"
19 error node v6.3.1
20 error npm  v3.10.3
21 error code ELIFECYCLE
22 error voting-server@1.0.0 test: `mocha --compilers js:babel-core/register --require ./test/test_helper.js --recursive`
22 error Exit status 1
23 error Failed at the voting-server@1.0.0 test script 'mocha --compilers js:babel-core/register --require ./test/test_helper.js --recursive'.
23 error Make sure you have the latest version of node.js and npm installed.
23 error If you do, this is most likely a problem with the voting-server package,
23 error not with npm itself.
23 error Tell the author that this fails on your system:
23 error     mocha --compilers js:babel-core/register --require ./test/test_helper.js --recursive
23 error You can get information on how to open an issue for this project with:
23 error     npm bugs voting-server
23 error Or if that isn't available, you can get their info via:
23 error     npm owner ls voting-server
23 error There is likely additional logging output above.
24 verbose exit [ 1, true ]
